<?xml version="1.0" encoding="UTF-8"?>
<!-- Generated by org.testng.reporters.JUnitReportReporter -->
<testsuite hostname="LH11-08" name="com.qoh332.common.tests.BasePageTest" tests="1" failures="0" timestamp="14 Feb 2016 22:24:12 GMT" time="0.226" errors="0">
  <testcase name="verifyHomePage" time="0.226" classname="com.qoh332.common.tests.BasePageTest"/>
</testsuite> <!-- com.qoh332.common.tests.BasePageTest -->
