<?xml version="1.0" encoding="UTF-8"?>
<!-- Generated by org.testng.reporters.JUnitReportReporter -->
<testsuite hostname="biggy" name="com.custman.common.tests.BasePageTest" tests="1" failures="0" timestamp="24 Feb 2016 13:04:31 GMT" time="0.321" errors="0">
  <testcase name="verifyHomePage" time="0.321" classname="com.custman.common.tests.BasePageTest"/>
</testsuite> <!-- com.custman.common.tests.BasePageTest -->
