<?xml version="1.0" encoding="UTF-8"?>
<!-- Generated by org.testng.reporters.JUnitReportReporter -->
<testsuite hostname="biggy" name="com.custman.common.tests.BasePageTest" tests="1" failures="0" timestamp="21 Mar 2016 12:08:51 GMT" time="0.300" errors="0">
  <testcase name="verifyHomePage" time="0.300" classname="com.custman.common.tests.BasePageTest"/>
</testsuite> <!-- com.custman.common.tests.BasePageTest -->
